<?xml version="1.0" encoding="UTF-8"?>
<!-- Generated by org.testng.reporters.JUnitReportReporter -->
<testsuite hostname="Gunit" failures="0" tests="2" name="qaclickacademy.Mavenjava.Seleniumtest" time="0.011" errors="0" timestamp="2022-04-10T19:06:47 IST" skipped="0">
  <testcase classname="qaclickacademy.Mavenjava.Seleniumtest" name="elementsUi" time="0.002"/>
  <system-out/>
  <testcase classname="qaclickacademy.Mavenjava.Seleniumtest" name="BrowserAUtomation" time="0.009"/>
  <system-out/>
</testsuite> <!-- qaclickacademy.Mavenjava.Seleniumtest -->
