<?xml version="1.0" encoding="UTF-8"?>
<!-- Generated by org.testng.reporters.JUnitReportReporter -->
<testsuite hostname="Gunit" failures="0" tests="2" name="qaclickacademy.Mavenjava.restapitest" time="0.013" errors="0" timestamp="2022-04-10T19:05:53 IST" skipped="0">
  <testcase classname="qaclickacademy.Mavenjava.restapitest" name="postJira" time="0.002"/>
  <system-out/>
  <testcase classname="qaclickacademy.Mavenjava.restapitest" name="deleteTwitter" time="0.011"/>
  <system-out/>
</testsuite> <!-- qaclickacademy.Mavenjava.restapitest -->
